<<<<<<< HEAD
[29-Mar-2017 22:44:26 UTC] PHP Fatal error:  Uncaught exception 'PDOException' with message 'SQLSTATE[HY000] [1045] Access denied for user 'carloshuizar'@'localhost' (using password: NO)' in /home/ubuntu/workspace/Projects/CST336_Proj1/zombieStore.php:23
Stack trace:
#0 /home/ubuntu/workspace/Projects/CST336_Proj1/zombieStore.php(23): PDO->__construct('mysql:host=0.0....', 'carloshuizar', '')
#1 {main}
  thrown in /home/ubuntu/workspace/Projects/CST336_Proj1/zombieStore.php on line 23
[29-Mar-2017 22:44:28 UTC] PHP Fatal error:  Uncaught exception 'PDOException' with message 'SQLSTATE[HY000] [1045] Access denied for user 'carloshuizar'@'localhost' (using password: NO)' in /home/ubuntu/workspace/Projects/CST336_Proj1/zombieStore.php:23
Stack trace:
#0 /home/ubuntu/workspace/Projects/CST336_Proj1/zombieStore.php(23): PDO->__construct('mysql:host=0.0....', 'carloshuizar', '')
#1 {main}
  thrown in /home/ubuntu/workspace/Projects/CST336_Proj1/zombieStore.php on line 23
[29-Mar-2017 22:44:30 UTC] PHP Fatal error:  Uncaught exception 'PDOException' with message 'SQLSTATE[HY000] [1045] Access denied for user 'carloshuizar'@'localhost' (using password: NO)' in /home/ubuntu/workspace/Projects/CST336_Proj1/zombieStore.php:23
Stack trace:
#0 /home/ubuntu/workspace/Projects/CST336_Proj1/zombieStore.php(23): PDO->__construct('mysql:host=0.0....', 'carloshuizar', '')
#1 {main}
  thrown in /home/ubuntu/workspace/Projects/CST336_Proj1/zombieStore.php on line 23
[29-Mar-2017 22:44:43 UTC] PHP Fatal error:  Uncaught exception 'PDOException' with message 'SQLSTATE[HY000] [1045] Access denied for user 'carloshuizar'@'localhost' (using password: NO)' in /home/ubuntu/workspace/Projects/CST336_Proj1/zombieStore.php:23
Stack trace:
#0 /home/ubuntu/workspace/Projects/CST336_Proj1/zombieStore.php(23): PDO->__construct('mysql:host=0.0....', 'carloshuizar', '')
#1 {main}
  thrown in /home/ubuntu/workspace/Projects/CST336_Proj1/zombieStore.php on line 23
[29-Mar-2017 22:45:19 UTC] PHP Fatal error:  Uncaught exception 'PDOException' with message 'SQLSTATE[HY000] [1045] Access denied for user 'carloshuizar'@'localhost' (using password: NO)' in /home/ubuntu/workspace/Projects/CST336_Proj1/zombieStore.php:23
Stack trace:
#0 /home/ubuntu/workspace/Projects/CST336_Proj1/zombieStore.php(23): PDO->__construct('mysql:host=0.0....', 'carloshuizar', '')
#1 {main}
  thrown in /home/ubuntu/workspace/Projects/CST336_Proj1/zombieStore.php on line 23
[29-Mar-2017 22:45:49 UTC] PHP Fatal error:  Uncaught exception 'PDOException' with message 'SQLSTATE[HY000] [1045] Access denied for user 'david_jia'@'localhost' (using password: NO)' in /home/ubuntu/workspace/Projects/CST336_Proj1/zombieStore.php:23
Stack trace:
#0 /home/ubuntu/workspace/Projects/CST336_Proj1/zombieStore.php(23): PDO->__construct('mysql:host=0.0....', 'david_jia', '')
#1 {main}
  thrown in /home/ubuntu/workspace/Projects/CST336_Proj1/zombieStore.php on line 23
[29-Mar-2017 22:45:50 UTC] PHP Fatal error:  Uncaught exception 'PDOException' with message 'SQLSTATE[HY000] [1045] Access denied for user 'david_jia'@'localhost' (using password: NO)' in /home/ubuntu/workspace/Projects/CST336_Proj1/zombieStore.php:23
Stack trace:
#0 /home/ubuntu/workspace/Projects/CST336_Proj1/zombieStore.php(23): PDO->__construct('mysql:host=0.0....', 'david_jia', '')
#1 {main}
  thrown in /home/ubuntu/workspace/Projects/CST336_Proj1/zombieStore.php on line 23
[29-Mar-2017 22:50:27 UTC] PHP Fatal error:  Uncaught exception 'PDOException' with message 'SQLSTATE[HY000] [2002] Connection timed out' in /home/ubuntu/workspace/Projects/CST336_Proj1/zombieStore.php:23
Stack trace:
#0 /home/ubuntu/workspace/Projects/CST336_Proj1/zombieStore.php(23): PDO->__construct('mysql:host=198....', 'david_jia', '')
#1 {main}
  thrown in /home/ubuntu/workspace/Projects/CST336_Proj1/zombieStore.php on line 23
[29-Mar-2017 22:50:44 UTC] PHP Fatal error:  Uncaught exception 'PDOException' with message 'SQLSTATE[HY000] [2002] Connection timed out' in /home/ubuntu/workspace/Projects/CST336_Proj1/zombieStore.php:23
Stack trace:
#0 /home/ubuntu/workspace/Projects/CST336_Proj1/zombieStore.php(23): PDO->__construct('mysql:host=198....', 'david_jia', '')
#1 {main}
  thrown in /home/ubuntu/workspace/Projects/CST336_Proj1/zombieStore.php on line 23
[29-Mar-2017 22:52:53 UTC] PHP Fatal error:  Uncaught exception 'PDOException' with message 'SQLSTATE[HY000] [2002] Connection timed out' in /home/ubuntu/workspace/Projects/CST336_Proj1/zombieStore.php:23
Stack trace:
#0 /home/ubuntu/workspace/Projects/CST336_Proj1/zombieStore.php(23): PDO->__construct('mysql:host=198....', 'david_jia', '')
#1 {main}
  thrown in /home/ubuntu/workspace/Projects/CST336_Proj1/zombieStore.php on line 23
[29-Mar-2017 22:58:52 UTC] PHP Fatal error:  Uncaught exception 'PDOException' with message 'SQLSTATE[HY000] [1045] Access denied for user 'carloshuizar'@'localhost' (using password: NO)' in /home/ubuntu/workspace/Projects/CST336_Proj1/zombieStore.php:23
Stack trace:
#0 /home/ubuntu/workspace/Projects/CST336_Proj1/zombieStore.php(23): PDO->__construct('mysql:host=0.0....', 'carloshuizar', '')
#1 {main}
  thrown in /home/ubuntu/workspace/Projects/CST336_Proj1/zombieStore.php on line 23
[29-Mar-2017 22:59:45 UTC] PHP Fatal error:  Uncaught exception 'PDOException' with message 'SQLSTATE[HY000] [1045] Access denied for user 'carloshuizar'@'localhost' (using password: NO)' in /home/ubuntu/workspace/Projects/CST336_Proj1/zombieStore.php:23
Stack trace:
#0 /home/ubuntu/workspace/Projects/CST336_Proj1/zombieStore.php(23): PDO->__construct('mysql:host=0.0....', 'carloshuizar', '')
#1 {main}
  thrown in /home/ubuntu/workspace/Projects/CST336_Proj1/zombieStore.php on line 23
[29-Mar-2017 23:05:40 UTC] PHP Fatal error:  Uncaught exception 'PDOException' with message 'SQLSTATE[HY000] [1045] Access denied for user 'carloshuizar'@'localhost' (using password: NO)' in /home/ubuntu/workspace/Projects/CST336_Proj1/zombieStore.php:23
Stack trace:
#0 /home/ubuntu/workspace/Projects/CST336_Proj1/zombieStore.php(23): PDO->__construct('mysql:host=0.0....', 'carloshuizar', '')
#1 {main}
  thrown in /home/ubuntu/workspace/Projects/CST336_Proj1/zombieStore.php on line 23
[29-Mar-2017 23:05:41 UTC] PHP Fatal error:  Uncaught exception 'PDOException' with message 'SQLSTATE[HY000] [1045] Access denied for user 'carloshuizar'@'localhost' (using password: NO)' in /home/ubuntu/workspace/Projects/CST336_Proj1/zombieStore.php:23
Stack trace:
#0 /home/ubuntu/workspace/Projects/CST336_Proj1/zombieStore.php(23): PDO->__construct('mysql:host=0.0....', 'carloshuizar', '')
#1 {main}
  thrown in /home/ubuntu/workspace/Projects/CST336_Proj1/zombieStore.php on line 23
[29-Mar-2017 23:05:41 UTC] PHP Fatal error:  Uncaught exception 'PDOException' with message 'SQLSTATE[HY000] [1045] Access denied for user 'carloshuizar'@'localhost' (using password: NO)' in /home/ubuntu/workspace/Projects/CST336_Proj1/zombieStore.php:23
Stack trace:
#0 /home/ubuntu/workspace/Projects/CST336_Proj1/zombieStore.php(23): PDO->__construct('mysql:host=0.0....', 'carloshuizar', '')
#1 {main}
  thrown in /home/ubuntu/workspace/Projects/CST336_Proj1/zombieStore.php on line 23
[29-Mar-2017 23:05:41 UTC] PHP Fatal error:  Uncaught exception 'PDOException' with message 'SQLSTATE[HY000] [1045] Access denied for user 'carloshuizar'@'localhost' (using password: NO)' in /home/ubuntu/workspace/Projects/CST336_Proj1/zombieStore.php:23
Stack trace:
#0 /home/ubuntu/workspace/Projects/CST336_Proj1/zombieStore.php(23): PDO->__construct('mysql:host=0.0....', 'carloshuizar', '')
#1 {main}
  thrown in /home/ubuntu/workspace/Projects/CST336_Proj1/zombieStore.php on line 23
[29-Mar-2017 23:06:07 UTC] PHP Fatal error:  Uncaught exception 'PDOException' with message 'SQLSTATE[HY000] [1045] Access denied for user 'carloshuizar'@'localhost' (using password: NO)' in /home/ubuntu/workspace/Projects/CST336_Proj1/zombieStore.php:23
Stack trace:
#0 /home/ubuntu/workspace/Projects/CST336_Proj1/zombieStore.php(23): PDO->__construct('mysql:host=0.0....', 'carloshuizar', '')
#1 {main}
  thrown in /home/ubuntu/workspace/Projects/CST336_Proj1/zombieStore.php on line 23
[29-Mar-2017 23:06:07 UTC] PHP Fatal error:  Uncaught exception 'PDOException' with message 'SQLSTATE[HY000] [1045] Access denied for user 'carloshuizar'@'localhost' (using password: NO)' in /home/ubuntu/workspace/Projects/CST336_Proj1/zombieStore.php:23
Stack trace:
#0 /home/ubuntu/workspace/Projects/CST336_Proj1/zombieStore.php(23): PDO->__construct('mysql:host=0.0....', 'carloshuizar', '')
#1 {main}
  thrown in /home/ubuntu/workspace/Projects/CST336_Proj1/zombieStore.php on line 23
[29-Mar-2017 23:06:07 UTC] PHP Fatal error:  Uncaught exception 'PDOException' with message 'SQLSTATE[HY000] [1045] Access denied for user 'carloshuizar'@'localhost' (using password: NO)' in /home/ubuntu/workspace/Projects/CST336_Proj1/zombieStore.php:23
Stack trace:
#0 /home/ubuntu/workspace/Projects/CST336_Proj1/zombieStore.php(23): PDO->__construct('mysql:host=0.0....', 'carloshuizar', '')
#1 {main}
  thrown in /home/ubuntu/workspace/Projects/CST336_Proj1/zombieStore.php on line 23
[29-Mar-2017 23:06:09 UTC] PHP Fatal error:  Uncaught exception 'PDOException' with message 'SQLSTATE[HY000] [1045] Access denied for user 'carloshuizar'@'localhost' (using password: NO)' in /home/ubuntu/workspace/Projects/CST336_Proj1/zombieStore.php:23
Stack trace:
#0 /home/ubuntu/workspace/Projects/CST336_Proj1/zombieStore.php(23): PDO->__construct('mysql:host=0.0....', 'carloshuizar', '')
#1 {main}
  thrown in /home/ubuntu/workspace/Projects/CST336_Proj1/zombieStore.php on line 23
[30-Mar-2017 00:00:41 UTC] PHP Fatal error:  Uncaught exception 'PDOException' with message 'SQLSTATE[HY000] [1045] Access denied for user 'carloshuizar'@'localhost' (using password: NO)' in /home/ubuntu/workspace/Projects/CST336_Proj1/zombieStore.php:23
Stack trace:
#0 /home/ubuntu/workspace/Projects/CST336_Proj1/zombieStore.php(23): PDO->__construct('mysql:host=0.0....', 'carloshuizar', '')
#1 {main}
  thrown in /home/ubuntu/workspace/Projects/CST336_Proj1/zombieStore.php on line 23
=======
[29-Mar-2017 23:59:11 UTC] PHP Parse error:  syntax error, unexpected '}' in /home/ubuntu/workspace/teamproject/CST336_Proj1/zombieStore.php on line 105
>>>>>>> b96a3dfa24a763c59c3058ca1c78fc89a7aa728c
[30-Mar-2017 02:50:07 UTC] PHP Fatal error:  Uncaught exception 'PDOException' with message 'SQLSTATE[42000]: Syntax error or access violation: 1064 You have an error in your SQL syntax; check the manual that corresponds to your MySQL server version for the right syntax to use near 'BY Guns.GunId ASC' at line 2' in /home/ubuntu/workspace/teamproject/CST336_Proj1/zombieStore.php:139
Stack trace:
#0 /home/ubuntu/workspace/teamproject/CST336_Proj1/zombieStore.php(139): PDOStatement->execute()
#1 /home/ubuntu/workspace/teamproject/CST336_Proj1/zombieStore.php(99): showGuns(Object(PDO))
#2 {main}
  thrown in /home/ubuntu/workspace/teamproject/CST336_Proj1/zombieStore.php on line 139
[30-Mar-2017 02:50:19 UTC] PHP Fatal error:  Uncaught exception 'PDOException' with message 'SQLSTATE[42000]: Syntax error or access violation: 1064 You have an error in your SQL syntax; check the manual that corresponds to your MySQL server version for the right syntax to use near 'BY Guns.GunId ASC' at line 2' in /home/ubuntu/workspace/teamproject/CST336_Proj1/zombieStore.php:139
Stack trace:
#0 /home/ubuntu/workspace/teamproject/CST336_Proj1/zombieStore.php(139): PDOStatement->execute()
#1 /home/ubuntu/workspace/teamproject/CST336_Proj1/zombieStore.php(99): showGuns(Object(PDO))
#2 {main}
  thrown in /home/ubuntu/workspace/teamproject/CST336_Proj1/zombieStore.php on line 139
[30-Mar-2017 03:03:40 UTC] PHP Fatal error:  Uncaught exception 'PDOException' with message 'SQLSTATE[42000]: Syntax error or access violation: 1064 You have an error in your SQL syntax; check the manual that corresponds to your MySQL server version for the right syntax to use near 'WHERE Guns.Price < 1000' at line 4' in /home/ubuntu/workspace/teamproject/CST336_Proj1/zombieStore.php:177
Stack trace:
#0 /home/ubuntu/workspace/teamproject/CST336_Proj1/zombieStore.php(177): PDOStatement->execute()
#1 /home/ubuntu/workspace/teamproject/CST336_Proj1/zombieStore.php(103): showGuns(Object(PDO))
#2 {main}
  thrown in /home/ubuntu/workspace/teamproject/CST336_Proj1/zombieStore.php on line 177
[30-Mar-2017 03:03:41 UTC] PHP Fatal error:  Uncaught exception 'PDOException' with message 'SQLSTATE[42000]: Syntax error or access violation: 1064 You have an error in your SQL syntax; check the manual that corresponds to your MySQL server version for the right syntax to use near 'WHERE Guns.Price < 1000' at line 4' in /home/ubuntu/workspace/teamproject/CST336_Proj1/zombieStore.php:177
Stack trace:
#0 /home/ubuntu/workspace/teamproject/CST336_Proj1/zombieStore.php(177): PDOStatement->execute()
#1 /home/ubuntu/workspace/teamproject/CST336_Proj1/zombieStore.php(103): showGuns(Object(PDO))
#2 {main}
  thrown in /home/ubuntu/workspace/teamproject/CST336_Proj1/zombieStore.php on line 177
[30-Mar-2017 03:05:24 UTC] PHP Fatal error:  Uncaught exception 'PDOException' with message 'SQLSTATE[42000]: Syntax error or access violation: 1064 You have an error in your SQL syntax; check the manual that corresponds to your MySQL server version for the right syntax to use near '0' at line 1' in /home/ubuntu/workspace/teamproject/CST336_Proj1/zombieStore.php:176
Stack trace:
#0 /home/ubuntu/workspace/teamproject/CST336_Proj1/zombieStore.php(176): PDOStatement->execute()
#1 /home/ubuntu/workspace/teamproject/CST336_Proj1/zombieStore.php(103): showGuns(Object(PDO))
#2 {main}
  thrown in /home/ubuntu/workspace/teamproject/CST336_Proj1/zombieStore.php on line 176
[30-Mar-2017 03:05:41 UTC] PHP Fatal error:  Uncaught exception 'PDOException' with message 'SQLSTATE[42000]: Syntax error or access violation: 1064 You have an error in your SQL syntax; check the manual that corresponds to your MySQL server version for the right syntax to use near '0' at line 1' in /home/ubuntu/workspace/teamproject/CST336_Proj1/zombieStore.php:176
Stack trace:
#0 /home/ubuntu/workspace/teamproject/CST336_Proj1/zombieStore.php(176): PDOStatement->execute()
#1 /home/ubuntu/workspace/teamproject/CST336_Proj1/zombieStore.php(103): showGuns(Object(PDO))
#2 {main}
  thrown in /home/ubuntu/workspace/teamproject/CST336_Proj1/zombieStore.php on line 176
[30-Mar-2017 03:06:11 UTC] PHP Fatal error:  Uncaught exception 'PDOException' with message 'SQLSTATE[42000]: Syntax error or access violation: 1064 You have an error in your SQL syntax; check the manual that corresponds to your MySQL server version for the right syntax to use near '0' at line 1' in /home/ubuntu/workspace/teamproject/CST336_Proj1/zombieStore.php:176
Stack trace:
#0 /home/ubuntu/workspace/teamproject/CST336_Proj1/zombieStore.php(176): PDOStatement->execute()
#1 /home/ubuntu/workspace/teamproject/CST336_Proj1/zombieStore.php(103): showGuns(Object(PDO))
#2 {main}
  thrown in /home/ubuntu/workspace/teamproject/CST336_Proj1/zombieStore.php on line 176
[30-Mar-2017 03:06:13 UTC] PHP Fatal error:  Uncaught exception 'PDOException' with message 'SQLSTATE[42000]: Syntax error or access violation: 1064 You have an error in your SQL syntax; check the manual that corresponds to your MySQL server version for the right syntax to use near '0' at line 1' in /home/ubuntu/workspace/teamproject/CST336_Proj1/zombieStore.php:176
Stack trace:
#0 /home/ubuntu/workspace/teamproject/CST336_Proj1/zombieStore.php(176): PDOStatement->execute()
#1 /home/ubuntu/workspace/teamproject/CST336_Proj1/zombieStore.php(103): showGuns(Object(PDO))
#2 {main}
  thrown in /home/ubuntu/workspace/teamproject/CST336_Proj1/zombieStore.php on line 176
[30-Mar-2017 03:08:06 UTC] PHP Fatal error:  Uncaught exception 'PDOException' with message 'SQLSTATE[42000]: Syntax error or access violation: 1064 You have an error in your SQL syntax; check the manual that corresponds to your MySQL server version for the right syntax to use near '0' at line 1' in /home/ubuntu/workspace/teamproject/CST336_Proj1/zombieStore.php:177
Stack trace:
#0 /home/ubuntu/workspace/teamproject/CST336_Proj1/zombieStore.php(177): PDOStatement->execute()
#1 /home/ubuntu/workspace/teamproject/CST336_Proj1/zombieStore.php(103): showGuns(Object(PDO))
#2 {main}
  thrown in /home/ubuntu/workspace/teamproject/CST336_Proj1/zombieStore.php on line 177
[30-Mar-2017 03:08:14 UTC] PHP Fatal error:  Uncaught exception 'PDOException' with message 'SQLSTATE[42000]: Syntax error or access violation: 1064 You have an error in your SQL syntax; check the manual that corresponds to your MySQL server version for the right syntax to use near '0' at line 1' in /home/ubuntu/workspace/teamproject/CST336_Proj1/zombieStore.php:176
Stack trace:
#0 /home/ubuntu/workspace/teamproject/CST336_Proj1/zombieStore.php(176): PDOStatement->execute()
#1 /home/ubuntu/workspace/teamproject/CST336_Proj1/zombieStore.php(103): showGuns(Object(PDO))
#2 {main}
  thrown in /home/ubuntu/workspace/teamproject/CST336_Proj1/zombieStore.php on line 176
[30-Mar-2017 03:30:35 UTC] PHP Fatal error:  Uncaught exception 'PDOException' with message 'SQLSTATE[42000]: Syntax error or access violation: 1064 You have an error in your SQL syntax; check the manual that corresponds to your MySQL server version for the right syntax to use near 'ORDER BY Guns.GunId ASC' at line 2' in /home/ubuntu/workspace/teamproject/CST336_Proj1/zombieStore.php:189
Stack trace:
#0 /home/ubuntu/workspace/teamproject/CST336_Proj1/zombieStore.php(189): PDOStatement->execute()
#1 /home/ubuntu/workspace/teamproject/CST336_Proj1/zombieStore.php(115): showGuns(Object(PDO))
#2 {main}
  thrown in /home/ubuntu/workspace/teamproject/CST336_Proj1/zombieStore.php on line 189
[30-Mar-2017 03:30:39 UTC] PHP Fatal error:  Uncaught exception 'PDOException' with message 'SQLSTATE[42000]: Syntax error or access violation: 1064 You have an error in your SQL syntax; check the manual that corresponds to your MySQL server version for the right syntax to use near 'ORDER BY Guns.GunId ASC' at line 2' in /home/ubuntu/workspace/teamproject/CST336_Proj1/zombieStore.php:189
Stack trace:
#0 /home/ubuntu/workspace/teamproject/CST336_Proj1/zombieStore.php(189): PDOStatement->execute()
#1 /home/ubuntu/workspace/teamproject/CST336_Proj1/zombieStore.php(115): showGuns(Object(PDO))
#2 {main}
  thrown in /home/ubuntu/workspace/teamproject/CST336_Proj1/zombieStore.php on line 189
[30-Mar-2017 03:39:48 UTC] PHP Fatal error:  Uncaught exception 'PDOException' with message 'SQLSTATE[42000]: Syntax error or access violation: 1064 You have an error in your SQL syntax; check the manual that corresponds to your MySQL server version for the right syntax to use near '% ORDER BY Guns.GunId ASC' at line 2' in /home/ubuntu/workspace/teamproject/CST336_Proj1/zombieStore.php:201
Stack trace:
#0 /home/ubuntu/workspace/teamproject/CST336_Proj1/zombieStore.php(201): PDOStatement->execute()
#1 /home/ubuntu/workspace/teamproject/CST336_Proj1/zombieStore.php(119): showGuns(Object(PDO))
#2 {main}
  thrown in /home/ubuntu/workspace/teamproject/CST336_Proj1/zombieStore.php on line 201
[30-Mar-2017 03:43:32 UTC] PHP Fatal error:  Uncaught exception 'PDOException' with message 'SQLSTATE[HY000] [1045] Access denied for user 'carloshuizar'@'localhost' (using password: NO)' in /home/ubuntu/workspace/Projects/CST336_Proj1/zombieStore.php:30
Stack trace:
#0 /home/ubuntu/workspace/Projects/CST336_Proj1/zombieStore.php(30): PDO->__construct('mysql:host=0.0....', 'carloshuizar', '')
#1 {main}
  thrown in /home/ubuntu/workspace/Projects/CST336_Proj1/zombieStore.php on line 30
[30-Mar-2017 03:43:35 UTC] PHP Fatal error:  Uncaught exception 'PDOException' with message 'SQLSTATE[HY000] [1045] Access denied for user 'carloshuizar'@'localhost' (using password: NO)' in /home/ubuntu/workspace/Projects/CST336_Proj1/zombieStore.php:30
Stack trace:
#0 /home/ubuntu/workspace/Projects/CST336_Proj1/zombieStore.php(30): PDO->__construct('mysql:host=0.0....', 'carloshuizar', '')
#1 {main}
  thrown in /home/ubuntu/workspace/Projects/CST336_Proj1/zombieStore.php on line 30
[30-Mar-2017 03:50:52 UTC] PHP Fatal error:  Uncaught exception 'PDOException' with message 'SQLSTATE[HY000] [1045] Access denied for user 'carloshuizar'@'localhost' (using password: NO)' in /home/ubuntu/workspace/Projects/CST336_Proj1/zombieStore.php:30
Stack trace:
#0 /home/ubuntu/workspace/Projects/CST336_Proj1/zombieStore.php(30): PDO->__construct('mysql:host=0.0....', 'carloshuizar', '')
#1 {main}
  thrown in /home/ubuntu/workspace/Projects/CST336_Proj1/zombieStore.php on line 30
[30-Mar-2017 03:56:14 UTC] PHP Fatal error:  Uncaught exception 'PDOException' with message 'SQLSTATE[HY000] [1045] Access denied for user 'carloshuizar'@'localhost' (using password: NO)' in /home/ubuntu/workspace/Projects/CST336_Proj1/zombieStore.php:30
Stack trace:
#0 /home/ubuntu/workspace/Projects/CST336_Proj1/zombieStore.php(30): PDO->__construct('mysql:host=0.0....', 'carloshuizar', '')
#1 {main}
  thrown in /home/ubuntu/workspace/Projects/CST336_Proj1/zombieStore.php on line 30
[30-Mar-2017 04:51:54 UTC] PHP Fatal error:  Uncaught exception 'PDOException' with message 'SQLSTATE[HY000] [1045] Access denied for user 'carloshuizar'@'localhost' (using password: NO)' in /home/ubuntu/workspace/Projects/CST336_Proj1/zombieStore.php:37
Stack trace:
#0 /home/ubuntu/workspace/Projects/CST336_Proj1/zombieStore.php(37): PDO->__construct('mysql:host=0.0....', 'carloshuizar', '')
#1 {main}
  thrown in /home/ubuntu/workspace/Projects/CST336_Proj1/zombieStore.php on line 37
[30-Mar-2017 04:52:03 UTC] PHP Fatal error:  Uncaught exception 'PDOException' with message 'SQLSTATE[HY000] [1045] Access denied for user 'carloshuizar'@'localhost' (using password: NO)' in /home/ubuntu/workspace/Projects/CST336_Proj1/zombieStore.php:37
Stack trace:
#0 /home/ubuntu/workspace/Projects/CST336_Proj1/zombieStore.php(37): PDO->__construct('mysql:host=0.0....', 'carloshuizar', '')
#1 {main}
  thrown in /home/ubuntu/workspace/Projects/CST336_Proj1/zombieStore.php on line 37
[30-Mar-2017 04:52:04 UTC] PHP Fatal error:  Uncaught exception 'PDOException' with message 'SQLSTATE[HY000] [1045] Access denied for user 'carloshuizar'@'localhost' (using password: NO)' in /home/ubuntu/workspace/Projects/CST336_Proj1/zombieStore.php:37
Stack trace:
#0 /home/ubuntu/workspace/Projects/CST336_Proj1/zombieStore.php(37): PDO->__construct('mysql:host=0.0....', 'carloshuizar', '')
#1 {main}
  thrown in /home/ubuntu/workspace/Projects/CST336_Proj1/zombieStore.php on line 37
[30-Mar-2017 04:52:10 UTC] PHP Fatal error:  Uncaught exception 'PDOException' with message 'SQLSTATE[HY000] [1045] Access denied for user 'carloshuizar'@'localhost' (using password: NO)' in /home/ubuntu/workspace/Projects/CST336_Proj1/zombieStore.php:37
Stack trace:
#0 /home/ubuntu/workspace/Projects/CST336_Proj1/zombieStore.php(37): PDO->__construct('mysql:host=0.0....', 'carloshuizar', '')
#1 {main}
  thrown in /home/ubuntu/workspace/Projects/CST336_Proj1/zombieStore.php on line 37
[30-Mar-2017 04:52:16 UTC] PHP Fatal error:  Uncaught exception 'PDOException' with message 'SQLSTATE[HY000] [1045] Access denied for user 'carloshuizar'@'localhost' (using password: NO)' in /home/ubuntu/workspace/Projects/CST336_Proj1/zombieStore.php:37
Stack trace:
#0 /home/ubuntu/workspace/Projects/CST336_Proj1/zombieStore.php(37): PDO->__construct('mysql:host=0.0....', 'carloshuizar', '')
#1 {main}
  thrown in /home/ubuntu/workspace/Projects/CST336_Proj1/zombieStore.php on line 37
[30-Mar-2017 04:52:17 UTC] PHP Fatal error:  Uncaught exception 'PDOException' with message 'SQLSTATE[HY000] [1045] Access denied for user 'carloshuizar'@'localhost' (using password: NO)' in /home/ubuntu/workspace/Projects/CST336_Proj1/zombieStore.php:37
Stack trace:
#0 /home/ubuntu/workspace/Projects/CST336_Proj1/zombieStore.php(37): PDO->__construct('mysql:host=0.0....', 'carloshuizar', '')
#1 {main}
  thrown in /home/ubuntu/workspace/Projects/CST336_Proj1/zombieStore.php on line 37
[30-Mar-2017 04:52:20 UTC] PHP Fatal error:  Uncaught exception 'PDOException' with message 'SQLSTATE[HY000] [1045] Access denied for user 'carloshuizar'@'localhost' (using password: NO)' in /home/ubuntu/workspace/Projects/CST336_Proj1/zombieStore.php:37
Stack trace:
#0 /home/ubuntu/workspace/Projects/CST336_Proj1/zombieStore.php(37): PDO->__construct('mysql:host=0.0....', 'carloshuizar', '')
#1 {main}
  thrown in /home/ubuntu/workspace/Projects/CST336_Proj1/zombieStore.php on line 37
[30-Mar-2017 05:01:32 UTC] PHP Fatal error:  Uncaught exception 'PDOException' with message 'SQLSTATE[HY000] [1045] Access denied for user 'david_jia'@'localhost' (using password: YES)' in /home/ubuntu/workspace/teamproject/CST336_Proj1/zombieStore.php:37
Stack trace:
#0 /home/ubuntu/workspace/teamproject/CST336_Proj1/zombieStore.php(37): PDO->__construct('mysql:host=0.0....', 'david_jia', 'dankMem3s')
#1 {main}
  thrown in /home/ubuntu/workspace/teamproject/CST336_Proj1/zombieStore.php on line 37
[30-Mar-2017 05:01:57 UTC] PHP Fatal error:  Uncaught exception 'PDOException' with message 'SQLSTATE[HY000] [1045] Access denied for user 'david_jia'@'localhost' (using password: YES)' in /home/ubuntu/workspace/teamproject/CST336_Proj1/confirmation.php:37
Stack trace:
#0 /home/ubuntu/workspace/teamproject/CST336_Proj1/confirmation.php(37): PDO->__construct('mysql:host=0.0....', 'david_jia', 'dankMem3s')
#1 {main}
  thrown in /home/ubuntu/workspace/teamproject/CST336_Proj1/confirmation.php on line 37
[30-Mar-2017 05:24:46 UTC] PHP Warning:  array_push() expects parameter 1 to be array, null given in /home/ubuntu/workspace/teamproject/CST336_Proj1/confirmation.php on line 38
[30-Mar-2017 05:24:46 UTC] PHP Stack trace:
[30-Mar-2017 05:24:46 UTC] PHP   1. {main}() /home/ubuntu/workspace/teamproject/CST336_Proj1/confirmation.php:0
[30-Mar-2017 05:24:46 UTC] PHP   2. array_push() /home/ubuntu/workspace/teamproject/CST336_Proj1/confirmation.php:38
[30-Mar-2017 05:24:46 UTC] PHP Warning:  array_push() expects parameter 1 to be array, null given in /home/ubuntu/workspace/teamproject/CST336_Proj1/confirmation.php on line 38
[30-Mar-2017 05:24:46 UTC] PHP Stack trace:
[30-Mar-2017 05:24:46 UTC] PHP   1. {main}() /home/ubuntu/workspace/teamproject/CST336_Proj1/confirmation.php:0
[30-Mar-2017 05:24:46 UTC] PHP   2. array_push() /home/ubuntu/workspace/teamproject/CST336_Proj1/confirmation.php:38
[30-Mar-2017 05:24:46 UTC] PHP Warning:  array_push() expects parameter 1 to be array, null given in /home/ubuntu/workspace/teamproject/CST336_Proj1/confirmation.php on line 38
[30-Mar-2017 05:24:46 UTC] PHP Stack trace:
[30-Mar-2017 05:24:46 UTC] PHP   1. {main}() /home/ubuntu/workspace/teamproject/CST336_Proj1/confirmation.php:0
[30-Mar-2017 05:24:46 UTC] PHP   2. array_push() /home/ubuntu/workspace/teamproject/CST336_Proj1/confirmation.php:38
[30-Mar-2017 05:24:46 UTC] PHP Warning:  Invalid argument supplied for foreach() in /home/ubuntu/workspace/teamproject/CST336_Proj1/confirmation.php on line 445
[30-Mar-2017 05:24:46 UTC] PHP Stack trace:
[30-Mar-2017 05:24:46 UTC] PHP   1. {main}() /home/ubuntu/workspace/teamproject/CST336_Proj1/confirmation.php:0
[30-Mar-2017 05:24:46 UTC] PHP   2. printMerchandise() /home/ubuntu/workspace/teamproject/CST336_Proj1/confirmation.php:58
[30-Mar-2017 05:25:04 UTC] PHP Warning:  array_push() expects parameter 1 to be array, null given in /home/ubuntu/workspace/teamproject/CST336_Proj1/confirmation.php on line 38
[30-Mar-2017 05:25:04 UTC] PHP Stack trace:
[30-Mar-2017 05:25:04 UTC] PHP   1. {main}() /home/ubuntu/workspace/teamproject/CST336_Proj1/confirmation.php:0
[30-Mar-2017 05:25:04 UTC] PHP   2. array_push() /home/ubuntu/workspace/teamproject/CST336_Proj1/confirmation.php:38
[30-Mar-2017 05:25:04 UTC] PHP Warning:  array_push() expects parameter 1 to be array, null given in /home/ubuntu/workspace/teamproject/CST336_Proj1/confirmation.php on line 38
[30-Mar-2017 05:25:04 UTC] PHP Stack trace:
[30-Mar-2017 05:25:04 UTC] PHP   1. {main}() /home/ubuntu/workspace/teamproject/CST336_Proj1/confirmation.php:0
[30-Mar-2017 05:25:04 UTC] PHP   2. array_push() /home/ubuntu/workspace/teamproject/CST336_Proj1/confirmation.php:38
[30-Mar-2017 05:25:04 UTC] PHP Warning:  array_push() expects parameter 1 to be array, null given in /home/ubuntu/workspace/teamproject/CST336_Proj1/confirmation.php on line 38
[30-Mar-2017 05:25:04 UTC] PHP Stack trace:
[30-Mar-2017 05:25:04 UTC] PHP   1. {main}() /home/ubuntu/workspace/teamproject/CST336_Proj1/confirmation.php:0
[30-Mar-2017 05:25:04 UTC] PHP   2. array_push() /home/ubuntu/workspace/teamproject/CST336_Proj1/confirmation.php:38
[30-Mar-2017 05:25:04 UTC] PHP Warning:  Invalid argument supplied for foreach() in /home/ubuntu/workspace/teamproject/CST336_Proj1/confirmation.php on line 445
[30-Mar-2017 05:25:04 UTC] PHP Stack trace:
[30-Mar-2017 05:25:04 UTC] PHP   1. {main}() /home/ubuntu/workspace/teamproject/CST336_Proj1/confirmation.php:0
[30-Mar-2017 05:25:04 UTC] PHP   2. printMerchandise() /home/ubuntu/workspace/teamproject/CST336_Proj1/confirmation.php:58
[30-Mar-2017 05:26:50 UTC] PHP Warning:  array_push() expects parameter 1 to be array, null given in /home/ubuntu/workspace/teamproject/CST336_Proj1/confirmation.php on line 37
[30-Mar-2017 05:26:50 UTC] PHP Stack trace:
[30-Mar-2017 05:26:50 UTC] PHP   1. {main}() /home/ubuntu/workspace/teamproject/CST336_Proj1/confirmation.php:0
[30-Mar-2017 05:26:50 UTC] PHP   2. array_push() /home/ubuntu/workspace/teamproject/CST336_Proj1/confirmation.php:37
[30-Mar-2017 05:26:50 UTC] PHP Warning:  array_push() expects parameter 1 to be array, null given in /home/ubuntu/workspace/teamproject/CST336_Proj1/confirmation.php on line 37
[30-Mar-2017 05:26:50 UTC] PHP Stack trace:
[30-Mar-2017 05:26:50 UTC] PHP   1. {main}() /home/ubuntu/workspace/teamproject/CST336_Proj1/confirmation.php:0
[30-Mar-2017 05:26:50 UTC] PHP   2. array_push() /home/ubuntu/workspace/teamproject/CST336_Proj1/confirmation.php:37
[30-Mar-2017 05:26:50 UTC] PHP Warning:  array_push() expects parameter 1 to be array, null given in /home/ubuntu/workspace/teamproject/CST336_Proj1/confirmation.php on line 37
[30-Mar-2017 05:26:50 UTC] PHP Stack trace:
[30-Mar-2017 05:26:50 UTC] PHP   1. {main}() /home/ubuntu/workspace/teamproject/CST336_Proj1/confirmation.php:0
[30-Mar-2017 05:26:50 UTC] PHP   2. array_push() /home/ubuntu/workspace/teamproject/CST336_Proj1/confirmation.php:37
[30-Mar-2017 05:26:50 UTC] PHP Warning:  array_push() expects parameter 1 to be array, null given in /home/ubuntu/workspace/teamproject/CST336_Proj1/confirmation.php on line 37
[30-Mar-2017 05:26:50 UTC] PHP Stack trace:
[30-Mar-2017 05:26:50 UTC] PHP   1. {main}() /home/ubuntu/workspace/teamproject/CST336_Proj1/confirmation.php:0
[30-Mar-2017 05:26:50 UTC] PHP   2. array_push() /home/ubuntu/workspace/teamproject/CST336_Proj1/confirmation.php:37
[30-Mar-2017 05:26:50 UTC] PHP Warning:  array_push() expects parameter 1 to be array, null given in /home/ubuntu/workspace/teamproject/CST336_Proj1/confirmation.php on line 37
[30-Mar-2017 05:26:50 UTC] PHP Stack trace:
[30-Mar-2017 05:26:50 UTC] PHP   1. {main}() /home/ubuntu/workspace/teamproject/CST336_Proj1/confirmation.php:0
[30-Mar-2017 05:26:50 UTC] PHP   2. array_push() /home/ubuntu/workspace/teamproject/CST336_Proj1/confirmation.php:37
[30-Mar-2017 05:26:50 UTC] PHP Warning:  Invalid argument supplied for foreach() in /home/ubuntu/workspace/teamproject/CST336_Proj1/confirmation.php on line 444
[30-Mar-2017 05:26:50 UTC] PHP Stack trace:
[30-Mar-2017 05:26:50 UTC] PHP   1. {main}() /home/ubuntu/workspace/teamproject/CST336_Proj1/confirmation.php:0
[30-Mar-2017 05:26:50 UTC] PHP   2. printMerchandise() /home/ubuntu/workspace/teamproject/CST336_Proj1/confirmation.php:57
[30-Mar-2017 05:27:04 UTC] PHP Warning:  array_push() expects parameter 1 to be array, null given in /home/ubuntu/workspace/teamproject/CST336_Proj1/confirmation.php on line 37
[30-Mar-2017 05:27:04 UTC] PHP Stack trace:
[30-Mar-2017 05:27:04 UTC] PHP   1. {main}() /home/ubuntu/workspace/teamproject/CST336_Proj1/confirmation.php:0
[30-Mar-2017 05:27:04 UTC] PHP   2. array_push() /home/ubuntu/workspace/teamproject/CST336_Proj1/confirmation.php:37
[30-Mar-2017 05:27:04 UTC] PHP Warning:  array_push() expects parameter 1 to be array, null given in /home/ubuntu/workspace/teamproject/CST336_Proj1/confirmation.php on line 37
[30-Mar-2017 05:27:04 UTC] PHP Stack trace:
[30-Mar-2017 05:27:04 UTC] PHP   1. {main}() /home/ubuntu/workspace/teamproject/CST336_Proj1/confirmation.php:0
[30-Mar-2017 05:27:04 UTC] PHP   2. array_push() /home/ubuntu/workspace/teamproject/CST336_Proj1/confirmation.php:37
[30-Mar-2017 05:27:04 UTC] PHP Warning:  array_push() expects parameter 1 to be array, null given in /home/ubuntu/workspace/teamproject/CST336_Proj1/confirmation.php on line 37
[30-Mar-2017 05:27:04 UTC] PHP Stack trace:
[30-Mar-2017 05:27:04 UTC] PHP   1. {main}() /home/ubuntu/workspace/teamproject/CST336_Proj1/confirmation.php:0
[30-Mar-2017 05:27:04 UTC] PHP   2. array_push() /home/ubuntu/workspace/teamproject/CST336_Proj1/confirmation.php:37
[30-Mar-2017 05:27:04 UTC] PHP Warning:  array_push() expects parameter 1 to be array, null given in /home/ubuntu/workspace/teamproject/CST336_Proj1/confirmation.php on line 37
[30-Mar-2017 05:27:04 UTC] PHP Stack trace:
[30-Mar-2017 05:27:04 UTC] PHP   1. {main}() /home/ubuntu/workspace/teamproject/CST336_Proj1/confirmation.php:0
[30-Mar-2017 05:27:04 UTC] PHP   2. array_push() /home/ubuntu/workspace/teamproject/CST336_Proj1/confirmation.php:37
[30-Mar-2017 05:27:04 UTC] PHP Warning:  array_push() expects parameter 1 to be array, null given in /home/ubuntu/workspace/teamproject/CST336_Proj1/confirmation.php on line 37
[30-Mar-2017 05:27:04 UTC] PHP Stack trace:
[30-Mar-2017 05:27:04 UTC] PHP   1. {main}() /home/ubuntu/workspace/teamproject/CST336_Proj1/confirmation.php:0
[30-Mar-2017 05:27:04 UTC] PHP   2. array_push() /home/ubuntu/workspace/teamproject/CST336_Proj1/confirmation.php:37
[30-Mar-2017 05:27:04 UTC] PHP Warning:  Invalid argument supplied for foreach() in /home/ubuntu/workspace/teamproject/CST336_Proj1/confirmation.php on line 444
[30-Mar-2017 05:27:04 UTC] PHP Stack trace:
[30-Mar-2017 05:27:04 UTC] PHP   1. {main}() /home/ubuntu/workspace/teamproject/CST336_Proj1/confirmation.php:0
[30-Mar-2017 05:27:04 UTC] PHP   2. printMerchandise() /home/ubuntu/workspace/teamproject/CST336_Proj1/confirmation.php:57
[30-Mar-2017 05:30:02 UTC] PHP Warning:  array_push() expects parameter 1 to be array, null given in /home/ubuntu/workspace/teamproject/CST336_Proj1/confirmation.php on line 41
[30-Mar-2017 05:30:02 UTC] PHP Stack trace:
[30-Mar-2017 05:30:02 UTC] PHP   1. {main}() /home/ubuntu/workspace/teamproject/CST336_Proj1/confirmation.php:0
[30-Mar-2017 05:30:02 UTC] PHP   2. array_push() /home/ubuntu/workspace/teamproject/CST336_Proj1/confirmation.php:41
[30-Mar-2017 05:30:02 UTC] PHP Warning:  array_push() expects parameter 1 to be array, null given in /home/ubuntu/workspace/teamproject/CST336_Proj1/confirmation.php on line 41
[30-Mar-2017 05:30:02 UTC] PHP Stack trace:
[30-Mar-2017 05:30:02 UTC] PHP   1. {main}() /home/ubuntu/workspace/teamproject/CST336_Proj1/confirmation.php:0
[30-Mar-2017 05:30:02 UTC] PHP   2. array_push() /home/ubuntu/workspace/teamproject/CST336_Proj1/confirmation.php:41
[30-Mar-2017 05:30:02 UTC] PHP Warning:  array_push() expects parameter 1 to be array, null given in /home/ubuntu/workspace/teamproject/CST336_Proj1/confirmation.php on line 41
[30-Mar-2017 05:30:02 UTC] PHP Stack trace:
[30-Mar-2017 05:30:02 UTC] PHP   1. {main}() /home/ubuntu/workspace/teamproject/CST336_Proj1/confirmation.php:0
[30-Mar-2017 05:30:02 UTC] PHP   2. array_push() /home/ubuntu/workspace/teamproject/CST336_Proj1/confirmation.php:41
[30-Mar-2017 05:30:02 UTC] PHP Warning:  array_push() expects parameter 1 to be array, null given in /home/ubuntu/workspace/teamproject/CST336_Proj1/confirmation.php on line 41
[30-Mar-2017 05:30:02 UTC] PHP Stack trace:
[30-Mar-2017 05:30:02 UTC] PHP   1. {main}() /home/ubuntu/workspace/teamproject/CST336_Proj1/confirmation.php:0
[30-Mar-2017 05:30:02 UTC] PHP   2. array_push() /home/ubuntu/workspace/teamproject/CST336_Proj1/confirmation.php:41
[30-Mar-2017 05:30:02 UTC] PHP Warning:  array_push() expects parameter 1 to be array, null given in /home/ubuntu/workspace/teamproject/CST336_Proj1/confirmation.php on line 41
[30-Mar-2017 05:30:02 UTC] PHP Stack trace:
[30-Mar-2017 05:30:02 UTC] PHP   1. {main}() /home/ubuntu/workspace/teamproject/CST336_Proj1/confirmation.php:0
[30-Mar-2017 05:30:02 UTC] PHP   2. array_push() /home/ubuntu/workspace/teamproject/CST336_Proj1/confirmation.php:41
[30-Mar-2017 05:30:02 UTC] PHP Warning:  Invalid argument supplied for foreach() in /home/ubuntu/workspace/teamproject/CST336_Proj1/confirmation.php on line 448
[30-Mar-2017 05:30:02 UTC] PHP Stack trace:
[30-Mar-2017 05:30:02 UTC] PHP   1. {main}() /home/ubuntu/workspace/teamproject/CST336_Proj1/confirmation.php:0
[30-Mar-2017 05:30:02 UTC] PHP   2. printMerchandise() /home/ubuntu/workspace/teamproject/CST336_Proj1/confirmation.php:61
[30-Mar-2017 05:31:30 UTC] PHP Fatal error:  Call to a member function prepare() on a non-object in /home/ubuntu/workspace/teamproject/CST336_Proj1/confirmation.php on line 455
[30-Mar-2017 05:31:30 UTC] PHP Stack trace:
[30-Mar-2017 05:31:30 UTC] PHP   1. {main}() /home/ubuntu/workspace/teamproject/CST336_Proj1/confirmation.php:0
[30-Mar-2017 05:31:30 UTC] PHP   2. printMerchandise() /home/ubuntu/workspace/teamproject/CST336_Proj1/confirmation.php:64
[30-Mar-2017 05:32:12 UTC] PHP Fatal error:  Call to a member function prepare() on a non-object in /home/ubuntu/workspace/teamproject/CST336_Proj1/confirmation.php on line 455
[30-Mar-2017 05:32:12 UTC] PHP Stack trace:
[30-Mar-2017 05:32:12 UTC] PHP   1. {main}() /home/ubuntu/workspace/teamproject/CST336_Proj1/confirmation.php:0
[30-Mar-2017 05:32:12 UTC] PHP   2. printMerchandise() /home/ubuntu/workspace/teamproject/CST336_Proj1/confirmation.php:64
[30-Mar-2017 05:42:01 UTC] PHP Fatal error:  Call to a member function prepare() on a non-object in /home/ubuntu/workspace/teamproject/CST336_Proj1/confirmation.php on line 455
[30-Mar-2017 05:42:01 UTC] PHP Stack trace:
[30-Mar-2017 05:42:01 UTC] PHP   1. {main}() /home/ubuntu/workspace/teamproject/CST336_Proj1/confirmation.php:0
[30-Mar-2017 05:42:01 UTC] PHP   2. printMerchandise() /home/ubuntu/workspace/teamproject/CST336_Proj1/confirmation.php:64
[30-Mar-2017 05:43:01 UTC] PHP Fatal error:  Class 'POD' not found in /home/ubuntu/workspace/teamproject/CST336_Proj1/confirmation.php on line 457
[30-Mar-2017 05:43:01 UTC] PHP Stack trace:
[30-Mar-2017 05:43:01 UTC] PHP   1. {main}() /home/ubuntu/workspace/teamproject/CST336_Proj1/confirmation.php:0
[30-Mar-2017 05:43:01 UTC] PHP   2. printMerchandise() /home/ubuntu/workspace/teamproject/CST336_Proj1/confirmation.php:64
[30-Mar-2017 05:48:17 UTC] PHP Warning:  Invalid argument supplied for foreach() in /home/ubuntu/workspace/teamproject/CST336_Proj1/confirmation.php on line 43
[30-Mar-2017 05:48:17 UTC] PHP Stack trace:
[30-Mar-2017 05:48:17 UTC] PHP   1. {main}() /home/ubuntu/workspace/teamproject/CST336_Proj1/confirmation.php:0
[30-Mar-2017 05:48:27 UTC] PHP Warning:  Invalid argument supplied for foreach() in /home/ubuntu/workspace/teamproject/CST336_Proj1/confirmation.php on line 43
[30-Mar-2017 05:48:27 UTC] PHP Stack trace:
[30-Mar-2017 05:48:27 UTC] PHP   1. {main}() /home/ubuntu/workspace/teamproject/CST336_Proj1/confirmation.php:0
[30-Mar-2017 05:48:41 UTC] PHP Warning:  Invalid argument supplied for foreach() in /home/ubuntu/workspace/teamproject/CST336_Proj1/confirmation.php on line 43
[30-Mar-2017 05:48:41 UTC] PHP Stack trace:
[30-Mar-2017 05:48:41 UTC] PHP   1. {main}() /home/ubuntu/workspace/teamproject/CST336_Proj1/confirmation.php:0
[30-Mar-2017 05:48:49 UTC] PHP Warning:  Invalid argument supplied for foreach() in /home/ubuntu/workspace/teamproject/CST336_Proj1/confirmation.php on line 43
[30-Mar-2017 05:48:49 UTC] PHP Stack trace:
[30-Mar-2017 05:48:49 UTC] PHP   1. {main}() /home/ubuntu/workspace/teamproject/CST336_Proj1/confirmation.php:0
[30-Mar-2017 05:49:25 UTC] PHP Fatal error:  Uncaught exception 'PDOException' with message 'SQLSTATE[42000]: Syntax error or access violation: 1064 You have an error in your SQL syntax; check the manual that corresponds to your MySQL server version for the right syntax to use near '*.ProductName = 'AK-47' OR Ammo.ProductName = 'AK-47' OR Explosives.ProductName ' at line 3' in /home/ubuntu/workspace/teamproject/CST336_Proj1/confirmation.php:456
Stack trace:
#0 /home/ubuntu/workspace/teamproject/CST336_Proj1/confirmation.php(456): PDOStatement->execute()
#1 /home/ubuntu/workspace/teamproject/CST336_Proj1/confirmation.php(64): printMerchandise(Object(PDO))
#2 {main}
  thrown in /home/ubuntu/workspace/teamproject/CST336_Proj1/confirmation.php on line 456
[30-Mar-2017 05:53:57 UTC] PHP Warning:  Invalid argument supplied for foreach() in /home/ubuntu/workspace/teamproject/CST336_Proj1/confirmation.php on line 43
[30-Mar-2017 05:53:57 UTC] PHP Stack trace:
[30-Mar-2017 05:53:57 UTC] PHP   1. {main}() /home/ubuntu/workspace/teamproject/CST336_Proj1/confirmation.php:0
[30-Mar-2017 05:57:21 UTC] PHP Fatal error:  Uncaught exception 'PDOException' with message 'SQLSTATE[42000]: Syntax error or access violation: 1064 You have an error in your SQL syntax; check the manual that corresponds to your MySQL server version for the right syntax to use near '*
                    WHERE Guns.ProductName = 'AK-47' OR Ammo.ProductName = 'AK' at line 2' in /home/ubuntu/workspace/teamproject/CST336_Proj1/confirmation.php:456
Stack trace:
#0 /home/ubuntu/workspace/teamproject/CST336_Proj1/confirmation.php(456): PDOStatement->execute()
#1 /home/ubuntu/workspace/teamproject/CST336_Proj1/confirmation.php(64): printMerchandise(Object(PDO))
#2 {main}
  thrown in /home/ubuntu/workspace/teamproject/CST336_Proj1/confirmation.php on line 456
[30-Mar-2017 05:58:08 UTC] PHP Warning:  Invalid argument supplied for foreach() in /home/ubuntu/workspace/teamproject/CST336_Proj1/confirmation.php on line 43
[30-Mar-2017 05:58:08 UTC] PHP Stack trace:
[30-Mar-2017 05:58:08 UTC] PHP   1. {main}() /home/ubuntu/workspace/teamproject/CST336_Proj1/confirmation.php:0
[30-Mar-2017 06:11:22 UTC] PHP Warning:  Invalid argument supplied for foreach() in /home/ubuntu/workspace/teamproject/CST336_Proj1/confirmation.php on line 43
[30-Mar-2017 06:11:22 UTC] PHP Stack trace:
[30-Mar-2017 06:11:22 UTC] PHP   1. {main}() /home/ubuntu/workspace/teamproject/CST336_Proj1/confirmation.php:0
[30-Mar-2017 06:11:45 UTC] PHP Warning:  Invalid argument supplied for foreach() in /home/ubuntu/workspace/teamproject/CST336_Proj1/confirmation.php on line 43
[30-Mar-2017 06:11:45 UTC] PHP Stack trace:
[30-Mar-2017 06:11:45 UTC] PHP   1. {main}() /home/ubuntu/workspace/teamproject/CST336_Proj1/confirmation.php:0
[30-Mar-2017 06:12:04 UTC] PHP Warning:  Invalid argument supplied for foreach() in /home/ubuntu/workspace/teamproject/CST336_Proj1/confirmation.php on line 43
[30-Mar-2017 06:12:04 UTC] PHP Stack trace:
[30-Mar-2017 06:12:04 UTC] PHP   1. {main}() /home/ubuntu/workspace/teamproject/CST336_Proj1/confirmation.php:0
[30-Mar-2017 06:13:47 UTC] PHP Warning:  Invalid argument supplied for foreach() in /home/ubuntu/workspace/teamproject/CST336_Proj1/confirmation.php on line 43
[30-Mar-2017 06:13:47 UTC] PHP Stack trace:
[30-Mar-2017 06:13:47 UTC] PHP   1. {main}() /home/ubuntu/workspace/teamproject/CST336_Proj1/confirmation.php:0
[30-Mar-2017 06:40:55 UTC] PHP Fatal error:  Uncaught exception 'PDOException' with message 'SQLSTATE[42000]: Syntax error or access violation: 1064 You have an error in your SQL syntax; check the manual that corresponds to your MySQL server version for the right syntax to use near 'AND Melee AND Explosives AND Medical AND Ammo
                    WHERE Guns.Pro' at line 2' in /home/ubuntu/workspace/teamproject/CST336_Proj1/confirmation.php:101
Stack trace:
#0 /home/ubuntu/workspace/teamproject/CST336_Proj1/confirmation.php(101): PDOStatement->execute()
#1 /home/ubuntu/workspace/teamproject/CST336_Proj1/confirmation.php(64): printMerchandise(Object(PDO))
#2 {main}
  thrown in /home/ubuntu/workspace/teamproject/CST336_Proj1/confirmation.php on line 101
[30-Mar-2017 06:41:40 UTC] PHP Fatal error:  Uncaught exception 'PDOException' with message 'SQLSTATE[42000]: Syntax error or access violation: 1064 You have an error in your SQL syntax; check the manual that corresponds to your MySQL server version for the right syntax to use near 'Melee, Explosives, Medical, Ammo
                    WHERE Guns.ProductName = 'A' at line 3' in /home/ubuntu/workspace/teamproject/CST336_Proj1/confirmation.php:102
Stack trace:
#0 /home/ubuntu/workspace/teamproject/CST336_Proj1/confirmation.php(102): PDOStatement->execute()
#1 /home/ubuntu/workspace/teamproject/CST336_Proj1/confirmation.php(64): printMerchandise(Object(PDO))
#2 {main}
  thrown in /home/ubuntu/workspace/teamproject/CST336_Proj1/confirmation.php on line 102
[30-Mar-2017 06:46:17 UTC] PHP Warning:  Invalid argument supplied for foreach() in /home/ubuntu/workspace/teamproject/CST336_Proj1/confirmation.php on line 43
[30-Mar-2017 06:46:17 UTC] PHP Stack trace:
[30-Mar-2017 06:46:17 UTC] PHP   1. {main}() /home/ubuntu/workspace/teamproject/CST336_Proj1/confirmation.php:0
[30-Mar-2017 06:53:55 UTC] PHP Warning:  Invalid argument supplied for foreach() in /home/ubuntu/workspace/teamproject/CST336_Proj1/confirmation.php on line 43
[30-Mar-2017 06:53:55 UTC] PHP Stack trace:
[30-Mar-2017 06:53:55 UTC] PHP   1. {main}() /home/ubuntu/workspace/teamproject/CST336_Proj1/confirmation.php:0
[30-Mar-2017 06:53:57 UTC] PHP Warning:  Invalid argument supplied for foreach() in /home/ubuntu/workspace/teamproject/CST336_Proj1/confirmation.php on line 43
[30-Mar-2017 06:53:57 UTC] PHP Stack trace:
[30-Mar-2017 06:53:57 UTC] PHP   1. {main}() /home/ubuntu/workspace/teamproject/CST336_Proj1/confirmation.php:0
[30-Mar-2017 06:57:03 UTC] PHP Parse error:  syntax error, unexpected end of file in /home/ubuntu/workspace/teamproject/CST336_Proj1/zombieStore.php on line 530
[30-Mar-2017 06:59:58 UTC] PHP Warning:  Invalid argument supplied for foreach() in /home/ubuntu/workspace/teamproject/CST336_Proj1/confirmation.php on line 43
[30-Mar-2017 06:59:58 UTC] PHP Stack trace:
[30-Mar-2017 06:59:58 UTC] PHP   1. {main}() /home/ubuntu/workspace/teamproject/CST336_Proj1/confirmation.php:0
[30-Mar-2017 07:01:44 UTC] PHP Warning:  Invalid argument supplied for foreach() in /home/ubuntu/workspace/teamproject/CST336_Proj1/confirmation.php on line 43
[30-Mar-2017 07:01:44 UTC] PHP Stack trace:
[30-Mar-2017 07:01:44 UTC] PHP   1. {main}() /home/ubuntu/workspace/teamproject/CST336_Proj1/confirmation.php:0
